readVALIDLTUS: File: /usr/local/trigger/v/vme/CFG/ctp/DB/VALID.LTUS opened.
Machine: alidcscom707 7
02.05.2012_14:27:19 ActiveRun: File: /usr/local/trigger/v/vme/CFG/ctp/monscal/inputs.mcfg opened.
INT in the list of inputs.
02.05.2012_14:27:19 ActiveRun: File: /usr/local/trigger/v/vme/CFG/ctp/DB/VALID.CTPINPUTS opened.
0VBA L0 CTP: 1 V0
0VBC L0 CTP: 2 V0
TriggerInputwCount: factor set to 4 for input 0SMB
0SMB L0 CTP: 3 SPD
0TVX L0 CTP: 4 T0
0MSL L0 CTP: 13 MUON_TRG
Starting run 0
Creating DisplaySCAL ver 1
Starting DisplaySCAL for run: 0
0VBA L0 CTP: 1 V0
0VBC L0 CTP: 2 V0
0SMB L0 CTP: 3 SPD
0TVX L0 CTP: 4 T0
0MSL L0 CTP: 13 MUON_TRG
0VBA L0 CTP: 1 V0
0VBC L0 CTP: 2 V0
0SMB L0 CTP: 3 SPD
0TVX L0 CTP: 4 T0
0MSL L0 CTP: 13 MUON_TRG
Opening MONSCAL/display.log
ivln= 54 ivhn=54
DisplayScal created for run 0
Monscal created, version 1 Output option= 1
scp: v/vme/WORK/RCFG/r179593.rcfg: No such file or directory
ActiveRun::ParseConfigFile : cannot copy scp -p trigger@alidcscom188:v/vme/WORK/RCFG/r179593.rcfg RCFG/.
Starting run 179593
Creating DisplaySCAL ver 1
Stopping DisplaySCAL for run: 0
deleting inputs
0 0x188cb7f0
1 0x188cb630
2 0x188c8110
3 0x188c81c0
12 0x188c8270
50 0x188cc810
51 0x188cc760
52 0x188cb900
DisplaySCAL for run: 0 stopped.
Stopping run 0
02.05.2012_14:27:19 ActiveRun: File: /usr/local/trigger/v/vme/CFG/ctp/monscal/inputs.mcfg opened.
INT in the list of inputs.
02.05.2012_14:27:19 ActiveRun: File: /usr/local/trigger/v/vme/CFG/ctp/DB/VALID.CTPINPUTS opened.
0VBA L0 CTP: 1 V0
0VBC L0 CTP: 2 V0
TriggerInputwCount: factor set to 4 for input 0SMB
0SMB L0 CTP: 3 SPD
0TVX L0 CTP: 4 T0
0MSL L0 CTP: 13 MUON_TRG
Starting run 0
Creating DisplaySCAL ver 1
Starting DisplaySCAL for run: 0
0VBA L0 CTP: 1 V0
0VBC L0 CTP: 2 V0
0SMB L0 CTP: 3 SPD
0TVX L0 CTP: 4 T0
0MSL L0 CTP: 13 MUON_TRG
0VBA L0 CTP: 1 V0
0VBC L0 CTP: 2 V0
0SMB L0 CTP: 3 SPD
0TVX L0 CTP: 4 T0
0MSL L0 CTP: 13 MUON_TRG
ivln= 54 ivhn=54
DisplayScal created for run 0
02.05.2012_14:27:19 ActiveRun: File: RCFG/r179604.rcfg opened.
TriggerInputwCount: factor set to 4 for input 0SMB
TriggerInputwCount: factor set to 4 for input 0SH1
TriggerInputwCount: factor set to 4 for input 0SH2
TriggerInputwCount: factor set to 4 for input 0SM2
TriggerInputwCount: factor set to 4 for input 0SCO
INTERACTION found.
TriggerClasswCount: Factor NOT set to 4 for L0B for class CMSL8-S-NOPF-ALLNOTRD
TriggerClasswCount: Factor NOT set to 4 for L0B for class CMSL8-ACE-NOPF-ALLNOTRD
TriggerClasswCount: Factor NOT set to 4 for L0B for class CMSL7-S-NOPF-MUON
TriggerClasswCount: Factor NOT set to 4 for L0B for class CMSL7-ACE-NOPF-MUON
TriggerClasswCount: Factor NOT set to 4 for L0B for class CMSH7-S-NOPF-MUON
TriggerClasswCount: Factor NOT set to 4 for L0B for class CMSH7-ACE-NOPF-MUON
Detector EMCal not found !!!
Detector EMCal not found !!!
Starting run 179604
Creating DisplaySCAL ver 1
Starting DisplaySCAL for run: 179604
0VBA L0 CTP: 1 V0
0VBC L0 CTP: 2 V0
0SMB L0 CTP: 3 SPD
0TVX L0 CTP: 4 T0
0VGC L0 CTP: 5 V0
0VGA L0 CTP: 6 V0
0SH1 L0 CTP: 7 SPD
0SH2 L0 CTP: 8 SPD
0SM2 L0 CTP: 9 SPD
0AMU L0 CTP: 10 ACORDE
0OB0 L0 CTP: 11 TOF
0OM2 L0 CTP: 12 TOF
0MSL L0 CTP: 13 MUON_TRG
0MSH L0 CTP: 14 MUON_TRG
0MUL L0 CTP: 15 MUON_TRG
0MLL L0 CTP: 16 MUON_TRG
0EMC L0 CTP: 17 EMCal
0PH0 L0 CTP: 18 PHOS
0HWU L0 CTP: 19 TRD
0LSR L0 CTP: 20 TPC
0TSC L0 CTP: 21 T0
0BPA L0 CTP: 22 DAQ_TEST
0BPC L0 CTP: 23 DAQ_TEST
0SCO L0 CTP: 24 SPD
1EJE L1 CTP: 1 EMCal
1EGA L1 CTP: 2 EMCal
1EJ2 L1 CTP: 3 EMCal
1EG2 L1 CTP: 4 EMCal
1PHL L1 CTP: 5 PHOS
1PHM L1 CTP: 6 PHOS
1PHH L1 CTP: 7 PHOS
1DUM L1 CTP: 12 DAQ_TEST
1HCO L1 CTP: 9 TRD
1HJT L1 CTP: 10 TRD
1HSE L1 CTP: 11 TRD
1ZMD L1 CTP: 15 ZDC
1ZMB L1 CTP: 17 ZDC
1ZED L1 CTP: 18 ZDC
1ZAC L1 CTP: 19 ZDC
2DUM L2 CTP: 12 DAQ_TEST
ALLNOTRD ndet=15
SPD SDD SSD TPC TOF HMPID PHOS MUON_TRK MUON_TRG FMD T0 V0 ZDC ACORDE EMCal nclasses= 21
CBEAMB-S-NOPF-ALLNOTRD Index= 1 ALLNOTRD 0x188f5fa0 
 Group=1 Time=1
CINT7-S-NOPF-ALLNOTRD Index= 2 ALLNOTRD 0x188f5fa0 
 Group=9 Time=239
CINT7-AC-NOPF-ALLNOTRD Index= 3 ALLNOTRD 0x188f5fa0 
 Group=9 Time=239
CINT7-E-NOPF-ALLNOTRD Index= 4 ALLNOTRD 0x188f5fa0 
 Group=9 Time=239
C0VGA-S-NOPF-ALLNOTRD Index= 5 ALLNOTRD 0x188f5fa0 
 Group=9 Time=239
C0VGA-AC-NOPF-ALLNOTRD Index= 6 ALLNOTRD 0x188f5fa0 
 Group=9 Time=239
C0VGA-E-NOPF-ALLNOTRD Index= 7 ALLNOTRD 0x188f5fa0 
 Group=9 Time=239
C0VGC-S-NOPF-ALLNOTRD Index= 8 ALLNOTRD 0x188f5fa0 
 Group=9 Time=239
C0VGC-AC-NOPF-ALLNOTRD Index= 9 ALLNOTRD 0x188f5fa0 
 Group=9 Time=239
C0VGC-E-NOPF-ALLNOTRD Index= 10 ALLNOTRD 0x188f5fa0 
 Group=9 Time=239
CPHI7-S-NOPF-ALLNOTRD Index= 11 ALLNOTRD 0x188f5fa0 
 Group=9 Time=239
CPHI7-ACE-NOPF-ALLNOTRD Index= 12 ALLNOTRD 0x188f5fa0 
 Group=9 Time=239
CEMC7-S-NOPF-ALLNOTRD Index= 13 ALLNOTRD 0x188f5fa0 
 Group=9 Time=239
CEMC7-ACE-NOPF-ALLNOTRD Index= 14 ALLNOTRD 0x188f5fa0 
 Group=9 Time=239
CVBAND-S-NOPF-ALLNOTRD Index= 15 ALLNOTRD 0x188f5fa0 
 Group=0 Time=0
CVBAND-ACE-NOPF-ALLNOTRD Index= 16 ALLNOTRD 0x188f5fa0 
 Group=0 Time=0
CVBAND-ABCE-NOPF-ALLNOTRD Index= 17 ALLNOTRD 0x188f5fa0 
 Group=0 Time=0
C0TVX-S-NOPF-ALLNOTRD Index= 18 ALLNOTRD 0x188f5fa0 
 Group=0 Time=0
C0TVX-ACE-NOPF-ALLNOTRD Index= 19 ALLNOTRD 0x188f5fa0 
 Group=0 Time=0
CMSL8-S-NOPF-ALLNOTRD Index= 20 ALLNOTRD 0x188f5fa0 
 Group=0 Time=0
CMSL8-ACE-NOPF-ALLNOTRD Index= 21 ALLNOTRD 0x188f5fa0 
 Group=0 Time=0
ALL ndet=16
SPD SDD SSD TPC TRD TOF HMPID PHOS MUON_TRK MUON_TRG FMD T0 V0 ZDC ACORDE EMCal nclasses= 4
CBEAMBWU-S-NOPF-ALL Index= 22 ALL 0x188f6660 
 Group=1 Time=1
CINT7WU-S-NOPF-ALL Index= 23 ALL 0x188f6660 
 Group=9 Time=239
CINT7WU-AC-NOPF-ALL Index= 24 ALL 0x188f6660 
 Group=9 Time=239
CINT7WU-E-NOPF-ALL Index= 25 ALL 0x188f6660 
 Group=9 Time=239
MUON ndet=7
MUON_TRK MUON_TRG SPD SSD T0 V0 ZDC nclasses= 10
CMSL7-S-NOPF-MUON Index= 26 MUON 0x188f6ba0 
 Group=9 Time=239
CMSL7-ACE-NOPF-MUON Index= 27 MUON 0x188f6ba0 
 Group=9 Time=239
CMSH7-S-NOPF-MUON Index= 28 MUON 0x188f6ba0 
 Group=9 Time=239
CMSH7-ACE-NOPF-MUON Index= 29 MUON 0x188f6ba0 
 Group=9 Time=239
CMLL7-S-NOPF-MUON Index= 30 MUON 0x188f6ba0 
 Group=9 Time=239
CMLL7-ACE-NOPF-MUON Index= 31 MUON 0x188f6ba0 
 Group=9 Time=239
CMUL7-S-NOPF-MUON Index= 32 MUON 0x188f6ba0 
 Group=9 Time=239
CMUL7-ACE-NOPF-MUON Index= 33 MUON 0x188f6ba0 
 Group=9 Time=239
CMUP3-S-NOPF-MUON Index= 34 MUON 0x188f6ba0 
 Group=9 Time=239
CMUP3-ACE-NOPF-MUON Index= 35 MUON 0x188f6ba0 
 Group=9 Time=239
ACOS ndet=3
TPC ACORDE TOF nclasses= 1
C0AMU-ABCE-NOPF-ACOS Index= 36 ACOS 0x188f7080 
 Group=0 Time=0
TPC ndet=1
TPC nclasses= 1
C0LSR-ABCE-NOPF-TPC Index= 37 TPC 0x188f7540 
 Group=0 Time=0
0VBA L0 CTP: 1 V0
0VBC L0 CTP: 2 V0
0SMB L0 CTP: 3 SPD
0TVX L0 CTP: 4 T0
0VGC L0 CTP: 5 V0
0VGA L0 CTP: 6 V0
0SH1 L0 CTP: 7 SPD
0SH2 L0 CTP: 8 SPD
0SM2 L0 CTP: 9 SPD
0AMU L0 CTP: 10 ACORDE
0OB0 L0 CTP: 11 TOF
0OM2 L0 CTP: 12 TOF
0MSL L0 CTP: 13 MUON_TRG
0MSH L0 CTP: 14 MUON_TRG
0MUL L0 CTP: 15 MUON_TRG
0MLL L0 CTP: 16 MUON_TRG
0EMC L0 CTP: 17 EMCal
0PH0 L0 CTP: 18 PHOS
0HWU L0 CTP: 19 TRD
0LSR L0 CTP: 20 TPC
0TSC L0 CTP: 21 T0
0BPA L0 CTP: 22 DAQ_TEST
0BPC L0 CTP: 23 DAQ_TEST
0SCO L0 CTP: 24 SPD
1EJE L1 CTP: 1 EMCal
1EGA L1 CTP: 2 EMCal
1EJ2 L1 CTP: 3 EMCal
1EG2 L1 CTP: 4 EMCal
1PHL L1 CTP: 5 PHOS
1PHM L1 CTP: 6 PHOS
1PHH L1 CTP: 7 PHOS
1DUM L1 CTP: 12 DAQ_TEST
1HCO L1 CTP: 9 TRD
1HJT L1 CTP: 10 TRD
1HSE L1 CTP: 11 TRD
1ZMD L1 CTP: 15 ZDC
1ZMB L1 CTP: 17 ZDC
1ZED L1 CTP: 18 ZDC
1ZAC L1 CTP: 19 ZDC
2DUM L2 CTP: 12 DAQ_TEST
ALLNOTRD ndet=15
SPD SDD SSD TPC TOF HMPID PHOS MUON_TRK MUON_TRG FMD T0 V0 ZDC ACORDE EMCal nclasses= 21
CBEAMB-S-NOPF-ALLNOTRD Index= 1 ALLNOTRD 0x188f5fa0 
 Group=1 Time=1
CINT7-S-NOPF-ALLNOTRD Index= 2 ALLNOTRD 0x188f5fa0 
 Group=9 Time=239
CINT7-AC-NOPF-ALLNOTRD Index= 3 ALLNOTRD 0x188f5fa0 
 Group=9 Time=239
CINT7-E-NOPF-ALLNOTRD Index= 4 ALLNOTRD 0x188f5fa0 
 Group=9 Time=239
C0VGA-S-NOPF-ALLNOTRD Index= 5 ALLNOTRD 0x188f5fa0 
 Group=9 Time=239
C0VGA-AC-NOPF-ALLNOTRD Index= 6 ALLNOTRD 0x188f5fa0 
 Group=9 Time=239
C0VGA-E-NOPF-ALLNOTRD Index= 7 ALLNOTRD 0x188f5fa0 
 Group=9 Time=239
C0VGC-S-NOPF-ALLNOTRD Index= 8 ALLNOTRD 0x188f5fa0 
 Group=9 Time=239
C0VGC-AC-NOPF-ALLNOTRD Index= 9 ALLNOTRD 0x188f5fa0 
 Group=9 Time=239
C0VGC-E-NOPF-ALLNOTRD Index= 10 ALLNOTRD 0x188f5fa0 
 Group=9 Time=239
CPHI7-S-NOPF-ALLNOTRD Index= 11 ALLNOTRD 0x188f5fa0 
 Group=9 Time=239
CPHI7-ACE-NOPF-ALLNOTRD Index= 12 ALLNOTRD 0x188f5fa0 
 Group=9 Time=239
CEMC7-S-NOPF-ALLNOTRD Index= 13 ALLNOTRD 0x188f5fa0 
 Group=9 Time=239
CEMC7-ACE-NOPF-ALLNOTRD Index= 14 ALLNOTRD 0x188f5fa0 
 Group=9 Time=239
CVBAND-S-NOPF-ALLNOTRD Index= 15 ALLNOTRD 0x188f5fa0 
 Group=0 Time=0
CVBAND-ACE-NOPF-ALLNOTRD Index= 16 ALLNOTRD 0x188f5fa0 
 Group=0 Time=0
CVBAND-ABCE-NOPF-ALLNOTRD Index= 17 ALLNOTRD 0x188f5fa0 
 Group=0 Time=0
C0TVX-S-NOPF-ALLNOTRD Index= 18 ALLNOTRD 0x188f5fa0 
 Group=0 Time=0
C0TVX-ACE-NOPF-ALLNOTRD Index= 19 ALLNOTRD 0x188f5fa0 
 Group=0 Time=0
CMSL8-S-NOPF-ALLNOTRD Index= 20 ALLNOTRD 0x188f5fa0 
 Group=0 Time=0
CMSL8-ACE-NOPF-ALLNOTRD Index= 21 ALLNOTRD 0x188f5fa0 
 Group=0 Time=0
ALL ndet=16
SPD SDD SSD TPC TRD TOF HMPID PHOS MUON_TRK MUON_TRG FMD T0 V0 ZDC ACORDE EMCal nclasses= 4
CBEAMBWU-S-NOPF-ALL Index= 22 ALL 0x188f6660 
 Group=1 Time=1
CINT7WU-S-NOPF-ALL Index= 23 ALL 0x188f6660 
 Group=9 Time=239
CINT7WU-AC-NOPF-ALL Index= 24 ALL 0x188f6660 
 Group=9 Time=239
CINT7WU-E-NOPF-ALL Index= 25 ALL 0x188f6660 
 Group=9 Time=239
MUON ndet=7
MUON_TRK MUON_TRG SPD SSD T0 V0 ZDC nclasses= 10
CMSL7-S-NOPF-MUON Index= 26 MUON 0x188f6ba0 
 Group=9 Time=239
CMSL7-ACE-NOPF-MUON Index= 27 MUON 0x188f6ba0 
 Group=9 Time=239
CMSH7-S-NOPF-MUON Index= 28 MUON 0x188f6ba0 
 Group=9 Time=239
CMSH7-ACE-NOPF-MUON Index= 29 MUON 0x188f6ba0 
 Group=9 Time=239
CMLL7-S-NOPF-MUON Index= 30 MUON 0x188f6ba0 
 Group=9 Time=239
CMLL7-ACE-NOPF-MUON Index= 31 MUON 0x188f6ba0 
 Group=9 Time=239
CMUL7-S-NOPF-MUON Index= 32 MUON 0x188f6ba0 
 Group=9 Time=239
CMUL7-ACE-NOPF-MUON Index= 33 MUON 0x188f6ba0 
 Group=9 Time=239
CMUP3-S-NOPF-MUON Index= 34 MUON 0x188f6ba0 
 Group=9 Time=239
CMUP3-ACE-NOPF-MUON Index= 35 MUON 0x188f6ba0 
 Group=9 Time=239
ACOS ndet=3
TPC ACORDE TOF nclasses= 1
C0AMU-ABCE-NOPF-ACOS Index= 36 ACOS 0x188f7080 
 Group=0 Time=0
TPC ndet=1
TPC nclasses= 1
C0LSR-ABCE-NOPF-TPC Index= 37 TPC 0x188f7540 
 Group=0 Time=0
DisplayScal created for run 179604
Stopping DisplaySCAL for run: 0
deleting inputs
0 0x188cd680
1 0x188cd730
2 0x188cb7c0
3 0x188cb870
12 0x188cb920
50 0x188cc250
51 0x188cc1a0
52 0x188cd5d0
DisplaySCAL for run: 0 stopped.
Stopping run 0
02.05.2012_14:27:19 ActiveRun: File: /usr/local/trigger/v/vme/CFG/ctp/monscal/inputs.mcfg opened.
INT in the list of inputs.
02.05.2012_14:27:19 ActiveRun: File: /usr/local/trigger/v/vme/CFG/ctp/DB/VALID.CTPINPUTS opened.
0VBA L0 CTP: 1 V0
0VBC L0 CTP: 2 V0
TriggerInputwCount: factor set to 4 for input 0SMB
0SMB L0 CTP: 3 SPD
0TVX L0 CTP: 4 T0
0MSL L0 CTP: 13 MUON_TRG
Starting run 0
Creating DisplaySCAL ver 1
Starting DisplaySCAL for run: 0
0VBA L0 CTP: 1 V0
0VBC L0 CTP: 2 V0
0SMB L0 CTP: 3 SPD
0TVX L0 CTP: 4 T0
0MSL L0 CTP: 13 MUON_TRG
0VBA L0 CTP: 1 V0
0VBC L0 CTP: 2 V0
0SMB L0 CTP: 3 SPD
0TVX L0 CTP: 4 T0
0MSL L0 CTP: 13 MUON_TRG
ivln= 54 ivhn=54
DisplayScal created for run 0
Drawing canvas classes 179604_ALLNOTRD.png
CINT7-S
C0VGA-S
C0VGC-S
CPHI7-S
CEMC7-S
CVBAND-S
C0TVX-S
CMSL8-S
Canvas classes created
Canvas before update
Canvas before save
Info in <TCanvas::Print>: png file 179604_ALLNOTRD.png has been created
Canvas class saved
scp 179604_ALLNOTRD.png trigger@alidcscom188:v/vme/WORK/MONSCAL/. rc= 0
Drawing canvas classes 179604_ALL.png
CINT7WU-S
Canvas classes created
Canvas before update
Canvas before save
Info in <TCanvas::Print>: png file 179604_ALL.png has been created
Canvas class saved
scp 179604_ALL.png trigger@alidcscom188:v/vme/WORK/MONSCAL/. rc= 0
Drawing canvas Inputs
Canvas created 
Canvas drawn 
Info in <TCanvas::Print>: png file inputs.png has been created
Canvas saved
scp inputs.png trigger@alidcscom188:v/vme/WORK/MONSCAL/. rc= 0
Drawing canvas classes 179604_ALLNOTRD.png
CINT7-S
C0VGA-S
C0VGC-S
CPHI7-S
CEMC7-S
CVBAND-S
C0TVX-S
CMSL8-S
Canvas classes created
Canvas before update
Canvas before save
Info in <TCanvas::Print>: png file 179604_ALLNOTRD.png has been created
Canvas class saved
scp 179604_ALLNOTRD.png trigger@alidcscom188:v/vme/WORK/MONSCAL/. rc= 0
Drawing canvas classes 179604_ALL.png
CINT7WU-S
Canvas classes created
Canvas before update
Canvas before save
Info in <TCanvas::Print>: png file 179604_ALL.png has been created
Canvas class saved
scp 179604_ALL.png trigger@alidcscom188:v/vme/WORK/MONSCAL/. rc= 0
Drawing canvas Inputs
Canvas created 
Canvas drawn 
Info in <TCanvas::Print>: png file inputs.png has been created
Canvas saved
scp inputs.png trigger@alidcscom188:v/vme/WORK/MONSCAL/. rc= 0
Drawing canvas classes 179604_ALLNOTRD.png
CINT7-S
C0VGA-S
C0VGC-S
CPHI7-S
CEMC7-S
CVBAND-S
C0TVX-S
CMSL8-S
Canvas classes created
Canvas before update
Canvas before save
Info in <TCanvas::Print>: png file 179604_ALLNOTRD.png has been created
Canvas class saved
scp 179604_ALLNOTRD.png trigger@alidcscom188:v/vme/WORK/MONSCAL/. rc= 0
Drawing canvas classes 179604_ALL.png
CINT7WU-S
Canvas classes created
Canvas before update
Canvas before save
Info in <TCanvas::Print>: png file 179604_ALL.png has been created
Canvas class saved
scp 179604_ALL.png trigger@alidcscom188:v/vme/WORK/MONSCAL/. rc= 0
Drawing canvas Inputs
Canvas created 
Canvas drawn 
Info in <TCanvas::Print>: png file inputs.png has been created
Canvas saved
scp inputs.png trigger@alidcscom188:v/vme/WORK/MONSCAL/. rc= 0
Drawing canvas classes 179604_ALLNOTRD.png
CINT7-S
C0VGA-S
C0VGC-S
CPHI7-S
CEMC7-S
CVBAND-S
C0TVX-S
CMSL8-S
Canvas classes created
Canvas before update
Canvas before save
Info in <TCanvas::Print>: png file 179604_ALLNOTRD.png has been created
Canvas class saved
scp 179604_ALLNOTRD.png trigger@alidcscom188:v/vme/WORK/MONSCAL/. rc= 0
Drawing canvas classes 179604_ALL.png
CINT7WU-S
Canvas classes created
Canvas before update
Canvas before save
Info in <TCanvas::Print>: png file 179604_ALL.png has been created
Canvas class saved
scp 179604_ALL.png trigger@alidcscom188:v/vme/WORK/MONSCAL/. rc= 0
Drawing canvas Inputs
Canvas created 
Canvas drawn 
Info in <TCanvas::Print>: png file inputs.png has been created
Canvas saved
scp inputs.png trigger@alidcscom188:v/vme/WORK/MONSCAL/. rc= 0
Drawing canvas classes 179604_ALLNOTRD.png
CINT7-S
C0VGA-S
C0VGC-S
CPHI7-S
CEMC7-S
CVBAND-S
C0TVX-S
CMSL8-S
Canvas classes created
Canvas before update
Canvas before save
Info in <TCanvas::Print>: png file 179604_ALLNOTRD.png has been created
Canvas class saved
scp 179604_ALLNOTRD.png trigger@alidcscom188:v/vme/WORK/MONSCAL/. rc= 0
Drawing canvas classes 179604_ALL.png
CINT7WU-S
Canvas classes created
Canvas before update
Canvas before save
Info in <TCanvas::Print>: png file 179604_ALL.png has been created
Canvas class saved
scp 179604_ALL.png trigger@alidcscom188:v/vme/WORK/MONSCAL/. rc= 0
Drawing canvas Inputs
Canvas created 
Canvas drawn 
Info in <TCanvas::Print>: png file inputs.png has been created
Canvas saved
scp inputs.png trigger@alidcscom188:v/vme/WORK/MONSCAL/. rc= 0
Drawing canvas classes 179604_ALLNOTRD.png
CINT7-S
C0VGA-S
C0VGC-S
CPHI7-S
CEMC7-S
CVBAND-S
C0TVX-S
CMSL8-S
Canvas classes created
Canvas before update
Canvas before save
Info in <TCanvas::Print>: png file 179604_ALLNOTRD.png has been created
Canvas class saved
scp 179604_ALLNOTRD.png trigger@alidcscom188:v/vme/WORK/MONSCAL/. rc= 0
Drawing canvas classes 179604_ALL.png
CINT7WU-S
Canvas classes created
Canvas before update
Canvas before save
Info in <TCanvas::Print>: png file 179604_ALL.png has been created
Canvas class saved
scp 179604_ALL.png trigger@alidcscom188:v/vme/WORK/MONSCAL/. rc= 0
Drawing canvas Inputs
Canvas created 
Canvas drawn 
Info in <TCanvas::Print>: png file inputs.png has been created
Canvas saved
scp inputs.png trigger@alidcscom188:v/vme/WORK/MONSCAL/. rc= 0
Drawing canvas classes 179604_ALLNOTRD.png
CINT7-S
C0VGA-S
C0VGC-S
CPHI7-S
CEMC7-S
CVBAND-S
C0TVX-S
CMSL8-S
Canvas classes created
Canvas before update
Canvas before save
Info in <TCanvas::Print>: png file 179604_ALLNOTRD.png has been created
Canvas class saved
scp 179604_ALLNOTRD.png trigger@alidcscom188:v/vme/WORK/MONSCAL/. rc= 0
Drawing canvas classes 179604_ALL.png
CINT7WU-S
Canvas classes created
Canvas before update
Canvas before save
Info in <TCanvas::Print>: png file 179604_ALL.png has been created
Canvas class saved
scp 179604_ALL.png trigger@alidcscom188:v/vme/WORK/MONSCAL/. rc= 0
Drawing canvas Inputs
Canvas created 
Canvas drawn 
Info in <TCanvas::Print>: png file inputs.png has been created
Canvas saved
scp inputs.png trigger@alidcscom188:v/vme/WORK/MONSCAL/. rc= 0
Drawing canvas classes 179604_ALLNOTRD.png
CINT7-S
C0VGA-S
C0VGC-S
CPHI7-S
CEMC7-S
CVBAND-S
C0TVX-S
CMSL8-S
Canvas classes created
Canvas before update
Canvas before save
Info in <TCanvas::Print>: png file 179604_ALLNOTRD.png has been created
Canvas class saved
scp 179604_ALLNOTRD.png trigger@alidcscom188:v/vme/WORK/MONSCAL/. rc= 0
Drawing canvas classes 179604_ALL.png
CINT7WU-S
Canvas classes created
Canvas before update
Canvas before save
Info in <TCanvas::Print>: png file 179604_ALL.png has been created
Canvas class saved
scp 179604_ALL.png trigger@alidcscom188:v/vme/WORK/MONSCAL/. rc= 0
Drawing canvas Inputs
Canvas created 
Canvas drawn 
Info in <TCanvas::Print>: png file inputs.png has been created
Canvas saved
scp inputs.png trigger@alidcscom188:v/vme/WORK/MONSCAL/. rc= 0
Drawing canvas classes 179604_ALLNOTRD.png
CINT7-S
C0VGA-S
C0VGC-S
CPHI7-S
CEMC7-S
CVBAND-S
C0TVX-S
CMSL8-S
Canvas classes created
Canvas before update
Canvas before save
Info in <TCanvas::Print>: png file 179604_ALLNOTRD.png has been created
Canvas class saved
scp 179604_ALLNOTRD.png trigger@alidcscom188:v/vme/WORK/MONSCAL/. rc= 0
Drawing canvas classes 179604_ALL.png
CINT7WU-S
Canvas classes created
Canvas before update
Canvas before save
Info in <TCanvas::Print>: png file 179604_ALL.png has been created
Canvas class saved
scp 179604_ALL.png trigger@alidcscom188:v/vme/WORK/MONSCAL/. rc= 0
Drawing canvas Inputs
Canvas created 
Canvas drawn 
Info in <TCanvas::Print>: png file inputs.png has been created
Canvas saved
scp inputs.png trigger@alidcscom188:v/vme/WORK/MONSCAL/. rc= 0
Drawing canvas classes 179604_ALLNOTRD.png
CINT7-S
C0VGA-S
C0VGC-S
CPHI7-S
CEMC7-S
CVBAND-S
C0TVX-S
CMSL8-S
Canvas classes created
Canvas before update
Canvas before save
Info in <TCanvas::Print>: png file 179604_ALLNOTRD.png has been created
Canvas class saved
scp 179604_ALLNOTRD.png trigger@alidcscom188:v/vme/WORK/MONSCAL/. rc= 0
Drawing canvas classes 179604_ALL.png
CINT7WU-S
Canvas classes created
Canvas before update
Canvas before save
Info in <TCanvas::Print>: png file 179604_ALL.png has been created
Canvas class saved
scp 179604_ALL.png trigger@alidcscom188:v/vme/WORK/MONSCAL/. rc= 0
Drawing canvas Inputs
Canvas created 
Canvas drawn 
Info in <TCanvas::Print>: png file inputs.png has been created
Canvas saved
scp inputs.png trigger@alidcscom188:v/vme/WORK/MONSCAL/. rc= 0
Drawing canvas classes 179604_ALLNOTRD.png
CINT7-S
C0VGA-S
C0VGC-S
CPHI7-S
CEMC7-S
CVBAND-S
C0TVX-S
CMSL8-S
Canvas classes created
Canvas before update
Canvas before save
Info in <TCanvas::Print>: png file 179604_ALLNOTRD.png has been created
Canvas class saved
scp 179604_ALLNOTRD.png trigger@alidcscom188:v/vme/WORK/MONSCAL/. rc= 0
Drawing canvas classes 179604_ALL.png
CINT7WU-S
Canvas classes created
Canvas before update
Canvas before save
Info in <TCanvas::Print>: png file 179604_ALL.png has been created
Canvas class saved
scp 179604_ALL.png trigger@alidcscom188:v/vme/WORK/MONSCAL/. rc= 0
Drawing canvas Inputs
Canvas created 
Canvas drawn 
Info in <TCanvas::Print>: png file inputs.png has been created
Canvas saved
scp inputs.png trigger@alidcscom188:v/vme/WORK/MONSCAL/. rc= 0
Drawing canvas classes 179604_ALLNOTRD.png
CINT7-S
C0VGA-S
C0VGC-S
CPHI7-S
CEMC7-S
CVBAND-S
C0TVX-S
CMSL8-S
Canvas classes created
Canvas before update
Canvas before save
Info in <TCanvas::Print>: png file 179604_ALLNOTRD.png has been created
Canvas class saved
scp 179604_ALLNOTRD.png trigger@alidcscom188:v/vme/WORK/MONSCAL/. rc= 0
Drawing canvas classes 179604_ALL.png
CINT7WU-S
Canvas classes created
Canvas before update
Canvas before save
Info in <TCanvas::Print>: png file 179604_ALL.png has been created
Canvas class saved
scp 179604_ALL.png trigger@alidcscom188:v/vme/WORK/MONSCAL/. rc= 0
Drawing canvas Inputs
Canvas created 
Canvas drawn 
Info in <TCanvas::Print>: png file inputs.png has been created
Canvas saved
scp inputs.png trigger@alidcscom188:v/vme/WORK/MONSCAL/. rc= 0
Drawing canvas classes 179604_ALLNOTRD.png
CINT7-S
C0VGA-S
C0VGC-S
CPHI7-S
CEMC7-S
CVBAND-S
C0TVX-S
CMSL8-S
Canvas classes created
Canvas before update
Canvas before save
Info in <TCanvas::Print>: png file 179604_ALLNOTRD.png has been created
Canvas class saved
scp 179604_ALLNOTRD.png trigger@alidcscom188:v/vme/WORK/MONSCAL/. rc= 0
Drawing canvas classes 179604_ALL.png
CINT7WU-S
Canvas classes created
Canvas before update
Canvas before save
Info in <TCanvas::Print>: png file 179604_ALL.png has been created
Canvas class saved
scp 179604_ALL.png trigger@alidcscom188:v/vme/WORK/MONSCAL/. rc= 0
Drawing canvas Inputs
Canvas created 
Canvas drawn 
Info in <TCanvas::Print>: png file inputs.png has been created
Canvas saved
scp inputs.png trigger@alidcscom188:v/vme/WORK/MONSCAL/. rc= 0
Drawing canvas classes 179604_ALLNOTRD.png
CINT7-S
C0VGA-S
C0VGC-S
CPHI7-S
CEMC7-S
CVBAND-S
C0TVX-S
CMSL8-S
Canvas classes created
Canvas before update
Canvas before save
Info in <TCanvas::Print>: png file 179604_ALLNOTRD.png has been created
Canvas class saved
scp 179604_ALLNOTRD.png trigger@alidcscom188:v/vme/WORK/MONSCAL/. rc= 0
Drawing canvas classes 179604_ALL.png
CINT7WU-S
Canvas classes created
Canvas before update
Canvas before save
Info in <TCanvas::Print>: png file 179604_ALL.png has been created
Canvas class saved
scp 179604_ALL.png trigger@alidcscom188:v/vme/WORK/MONSCAL/. rc= 0
Drawing canvas Inputs
Canvas created 
Canvas drawn 
Info in <TCanvas::Print>: png file inputs.png has been created
Canvas saved
scp inputs.png trigger@alidcscom188:v/vme/WORK/MONSCAL/. rc= 0
Drawing canvas classes 179604_ALLNOTRD.png
CINT7-S
C0VGA-S
C0VGC-S
CPHI7-S
CEMC7-S
CVBAND-S
C0TVX-S
CMSL8-S
Canvas classes created
Canvas before update
Canvas before save
Info in <TCanvas::Print>: png file 179604_ALLNOTRD.png has been created
Canvas class saved
scp 179604_ALLNOTRD.png trigger@alidcscom188:v/vme/WORK/MONSCAL/. rc= 0
Drawing canvas classes 179604_ALL.png
CINT7WU-S
Canvas classes created
Canvas before update
Canvas before save
Info in <TCanvas::Print>: png file 179604_ALL.png has been created
Canvas class saved
scp 179604_ALL.png trigger@alidcscom188:v/vme/WORK/MONSCAL/. rc= 0
Drawing canvas Inputs
Canvas created 
Canvas drawn 
Info in <TCanvas::Print>: png file inputs.png has been created
Canvas saved
scp inputs.png trigger@alidcscom188:v/vme/WORK/MONSCAL/. rc= 0
Drawing canvas classes 179604_ALLNOTRD.png
CINT7-S
C0VGA-S
C0VGC-S
CPHI7-S
CEMC7-S
CVBAND-S
C0TVX-S
CMSL8-S
Canvas classes created
Canvas before update
Canvas before save
Info in <TCanvas::Print>: png file 179604_ALLNOTRD.png has been created
Canvas class saved
scp 179604_ALLNOTRD.png trigger@alidcscom188:v/vme/WORK/MONSCAL/. rc= 0
Drawing canvas classes 179604_ALL.png
CINT7WU-S
Canvas classes created
Canvas before update
Canvas before save
Info in <TCanvas::Print>: png file 179604_ALL.png has been created
Canvas class saved
scp 179604_ALL.png trigger@alidcscom188:v/vme/WORK/MONSCAL/. rc= 0
Drawing canvas Inputs
Canvas created 
Canvas drawn 
Info in <TCanvas::Print>: png file inputs.png has been created
Canvas saved
scp inputs.png trigger@alidcscom188:v/vme/WORK/MONSCAL/. rc= 0
Drawing canvas classes 179604_ALLNOTRD.png
CINT7-S
C0VGA-S
C0VGC-S
CPHI7-S
CEMC7-S
CVBAND-S
C0TVX-S
CMSL8-S
Canvas classes created
Canvas before update
Canvas before save
Info in <TCanvas::Print>: png file 179604_ALLNOTRD.png has been created
Canvas class saved
scp 179604_ALLNOTRD.png trigger@alidcscom188:v/vme/WORK/MONSCAL/. rc= 0
Drawing canvas classes 179604_ALL.png
CINT7WU-S
Canvas classes created
Canvas before update
Canvas before save
Info in <TCanvas::Print>: png file 179604_ALL.png has been created
Canvas class saved
scp 179604_ALL.png trigger@alidcscom188:v/vme/WORK/MONSCAL/. rc= 0
Drawing canvas Inputs
Canvas created 
Canvas drawn 
Info in <TCanvas::Print>: png file inputs.png has been created
Canvas saved
scp inputs.png trigger@alidcscom188:v/vme/WORK/MONSCAL/. rc= 0
Drawing canvas classes 179604_ALLNOTRD.png
CINT7-S
C0VGA-S
C0VGC-S
CPHI7-S
CEMC7-S
CVBAND-S
C0TVX-S
CMSL8-S
Canvas classes created
Canvas before update
Canvas before save
Info in <TCanvas::Print>: png file 179604_ALLNOTRD.png has been created
Canvas class saved
scp 179604_ALLNOTRD.png trigger@alidcscom188:v/vme/WORK/MONSCAL/. rc= 0
Drawing canvas classes 179604_ALL.png
CINT7WU-S
Canvas classes created
Canvas before update
Canvas before save
Info in <TCanvas::Print>: png file 179604_ALL.png has been created
Canvas class saved
scp 179604_ALL.png trigger@alidcscom188:v/vme/WORK/MONSCAL/. rc= 0
Drawing canvas Inputs
Canvas created 
Canvas drawn 
Info in <TCanvas::Print>: png file inputs.png has been created
Canvas saved
scp inputs.png trigger@alidcscom188:v/vme/WORK/MONSCAL/. rc= 0
Drawing canvas classes 179604_ALLNOTRD.png
CINT7-S
C0VGA-S
C0VGC-S
CPHI7-S
CEMC7-S
CVBAND-S
C0TVX-S
CMSL8-S
Canvas classes created
Canvas before update
Canvas before save
Info in <TCanvas::Print>: png file 179604_ALLNOTRD.png has been created
Canvas class saved
scp 179604_ALLNOTRD.png trigger@alidcscom188:v/vme/WORK/MONSCAL/. rc= 0
Drawing canvas classes 179604_ALL.png
CINT7WU-S
Canvas classes created
Canvas before update
Canvas before save
Info in <TCanvas::Print>: png file 179604_ALL.png has been created
Canvas class saved
scp 179604_ALL.png trigger@alidcscom188:v/vme/WORK/MONSCAL/. rc= 0
Drawing canvas Inputs
Canvas created 
Canvas drawn 
Info in <TCanvas::Print>: png file inputs.png has been created
Canvas saved
scp inputs.png trigger@alidcscom188:v/vme/WORK/MONSCAL/. rc= 0
Drawing canvas classes 179604_ALLNOTRD.png
CINT7-S
C0VGA-S
C0VGC-S
CPHI7-S
CEMC7-S
CVBAND-S
C0TVX-S
CMSL8-S
Canvas classes created
Canvas before update
Canvas before save
Info in <TCanvas::Print>: png file 179604_ALLNOTRD.png has been created
Canvas class saved
scp 179604_ALLNOTRD.png trigger@alidcscom188:v/vme/WORK/MONSCAL/. rc= 0
Drawing canvas classes 179604_ALL.png
CINT7WU-S
Canvas classes created
Canvas before update
Canvas before save
Info in <TCanvas::Print>: png file 179604_ALL.png has been created
Canvas class saved
scp 179604_ALL.png trigger@alidcscom188:v/vme/WORK/MONSCAL/. rc= 0
Drawing canvas Inputs
Canvas created 
Canvas drawn 
Info in <TCanvas::Print>: png file inputs.png has been created
Canvas saved
scp inputs.png trigger@alidcscom188:v/vme/WORK/MONSCAL/. rc= 0
Drawing canvas classes 179604_ALLNOTRD.png
CINT7-S
C0VGA-S
C0VGC-S
CPHI7-S
CEMC7-S
CVBAND-S
C0TVX-S
CMSL8-S
Canvas classes created
Canvas before update
Canvas before save
Info in <TCanvas::Print>: png file 179604_ALLNOTRD.png has been created
Canvas class saved
scp 179604_ALLNOTRD.png trigger@alidcscom188:v/vme/WORK/MONSCAL/. rc= 0
Drawing canvas classes 179604_ALL.png
CINT7WU-S
Canvas classes created
Canvas before update
Canvas before save
Info in <TCanvas::Print>: png file 179604_ALL.png has been created
Canvas class saved
scp 179604_ALL.png trigger@alidcscom188:v/vme/WORK/MONSCAL/. rc= 0
Drawing canvas Inputs
Canvas created 
Canvas drawn 
Info in <TCanvas::Print>: png file inputs.png has been created
Canvas saved
scp inputs.png trigger@alidcscom188:v/vme/WORK/MONSCAL/. rc= 0
Drawing canvas classes 179604_ALLNOTRD.png
CINT7-S
C0VGA-S
C0VGC-S
CPHI7-S
CEMC7-S
CVBAND-S
C0TVX-S
CMSL8-S
Canvas classes created
Canvas before update
Canvas before save
Info in <TCanvas::Print>: png file 179604_ALLNOTRD.png has been created
Canvas class saved
scp 179604_ALLNOTRD.png trigger@alidcscom188:v/vme/WORK/MONSCAL/. rc= 0
Drawing canvas classes 179604_ALL.png
CINT7WU-S
Canvas classes created
Canvas before update
Canvas before save
Info in <TCanvas::Print>: png file 179604_ALL.png has been created
Canvas class saved
scp 179604_ALL.png trigger@alidcscom188:v/vme/WORK/MONSCAL/. rc= 0
Drawing canvas Inputs
Canvas created 
Canvas drawn 
Info in <TCanvas::Print>: png file inputs.png has been created
Canvas saved
scp inputs.png trigger@alidcscom188:v/vme/WORK/MONSCAL/. rc= 0
Drawing canvas classes 179604_ALLNOTRD.png
CINT7-S
C0VGA-S
C0VGC-S
CPHI7-S
CEMC7-S
CVBAND-S
C0TVX-S
CMSL8-S
Canvas classes created
Canvas before update
Canvas before save
Info in <TCanvas::Print>: png file 179604_ALLNOTRD.png has been created
Canvas class saved
scp 179604_ALLNOTRD.png trigger@alidcscom188:v/vme/WORK/MONSCAL/. rc= 0
Drawing canvas classes 179604_ALL.png
CINT7WU-S
Canvas classes created
Canvas before update
Canvas before save
Info in <TCanvas::Print>: png file 179604_ALL.png has been created
Canvas class saved
scp 179604_ALL.png trigger@alidcscom188:v/vme/WORK/MONSCAL/. rc= 0
Drawing canvas Inputs
Canvas created 
Canvas drawn 
Info in <TCanvas::Print>: png file inputs.png has been created
Canvas saved
scp inputs.png trigger@alidcscom188:v/vme/WORK/MONSCAL/. rc= 0
Drawing canvas classes 179604_ALLNOTRD.png
CINT7-S
C0VGA-S
C0VGC-S
CPHI7-S
CEMC7-S
CVBAND-S
C0TVX-S
CMSL8-S
Canvas classes created
Canvas before update
Canvas before save
Info in <TCanvas::Print>: png file 179604_ALLNOTRD.png has been created
Canvas class saved
scp 179604_ALLNOTRD.png trigger@alidcscom188:v/vme/WORK/MONSCAL/. rc= 0
Drawing canvas classes 179604_ALL.png
CINT7WU-S
Canvas classes created
Canvas before update
Canvas before save
Info in <TCanvas::Print>: png file 179604_ALL.png has been created
Canvas class saved
scp 179604_ALL.png trigger@alidcscom188:v/vme/WORK/MONSCAL/. rc= 0
Drawing canvas Inputs
Canvas created 
Canvas drawn 
Info in <TCanvas::Print>: png file inputs.png has been created
Canvas saved
scp inputs.png trigger@alidcscom188:v/vme/WORK/MONSCAL/. rc= 0
Drawing canvas classes 179604_ALLNOTRD.png
CINT7-S
C0VGA-S
C0VGC-S
CPHI7-S
CEMC7-S
CVBAND-S
C0TVX-S
CMSL8-S
Canvas classes created
Canvas before update
Canvas before save
Info in <TCanvas::Print>: png file 179604_ALLNOTRD.png has been created
Canvas class saved
scp 179604_ALLNOTRD.png trigger@alidcscom188:v/vme/WORK/MONSCAL/. rc= 0
Drawing canvas classes 179604_ALL.png
CINT7WU-S
Canvas classes created
Canvas before update
Canvas before save
Info in <TCanvas::Print>: png file 179604_ALL.png has been created
Canvas class saved
scp 179604_ALL.png trigger@alidcscom188:v/vme/WORK/MONSCAL/. rc= 0
Drawing canvas Inputs
Canvas created 
Canvas drawn 
Info in <TCanvas::Print>: png file inputs.png has been created
Canvas saved
scp inputs.png trigger@alidcscom188:v/vme/WORK/MONSCAL/. rc= 0
Drawing canvas classes 179604_ALLNOTRD.png
CINT7-S
C0VGA-S
C0VGC-S
CPHI7-S
CEMC7-S
CVBAND-S
C0TVX-S
CMSL8-S
Canvas classes created
Canvas before update
Canvas before save
Info in <TCanvas::Print>: png file 179604_ALLNOTRD.png has been created
Canvas class saved
scp 179604_ALLNOTRD.png trigger@alidcscom188:v/vme/WORK/MONSCAL/. rc= 0
Drawing canvas classes 179604_ALL.png
CINT7WU-S
Canvas classes created
Canvas before update
Canvas before save
Info in <TCanvas::Print>: png file 179604_ALL.png has been created
Canvas class saved
scp 179604_ALL.png trigger@alidcscom188:v/vme/WORK/MONSCAL/. rc= 0
Drawing canvas Inputs
Canvas created 
Canvas drawn 
Info in <TCanvas::Print>: png file inputs.png has been created
Canvas saved
scp inputs.png trigger@alidcscom188:v/vme/WORK/MONSCAL/. rc= 0
Drawing canvas classes 179604_ALLNOTRD.png
CINT7-S
C0VGA-S
C0VGC-S
CPHI7-S
CEMC7-S
CVBAND-S
C0TVX-S
CMSL8-S
Canvas classes created
Canvas before update
Canvas before save
Info in <TCanvas::Print>: png file 179604_ALLNOTRD.png has been created
Canvas class saved
scp 179604_ALLNOTRD.png trigger@alidcscom188:v/vme/WORK/MONSCAL/. rc= 0
Drawing canvas classes 179604_ALL.png
CINT7WU-S
Canvas classes created
Canvas before update
Canvas before save
Info in <TCanvas::Print>: png file 179604_ALL.png has been created
Canvas class saved
scp 179604_ALL.png trigger@alidcscom188:v/vme/WORK/MONSCAL/. rc= 0
Drawing canvas Inputs
Canvas created 
Canvas drawn 
Info in <TCanvas::Print>: png file inputs.png has been created
Canvas saved
scp inputs.png trigger@alidcscom188:v/vme/WORK/MONSCAL/. rc= 0
Drawing canvas classes 179604_ALLNOTRD.png
CINT7-S
C0VGA-S
C0VGC-S
CPHI7-S
CEMC7-S
CVBAND-S
C0TVX-S
CMSL8-S
Canvas classes created
Canvas before update
Canvas before save
Info in <TCanvas::Print>: png file 179604_ALLNOTRD.png has been created
Canvas class saved
scp 179604_ALLNOTRD.png trigger@alidcscom188:v/vme/WORK/MONSCAL/. rc= 0
Drawing canvas classes 179604_ALL.png
CINT7WU-S
Canvas classes created
Canvas before update
Canvas before save
Info in <TCanvas::Print>: png file 179604_ALL.png has been created
Canvas class saved
scp 179604_ALL.png trigger@alidcscom188:v/vme/WORK/MONSCAL/. rc= 0
Drawing canvas Inputs
Canvas created 
Canvas drawn 
Info in <TCanvas::Print>: png file inputs.png has been created
Canvas saved
scp inputs.png trigger@alidcscom188:v/vme/WORK/MONSCAL/. rc= 0
Drawing canvas classes 179604_ALLNOTRD.png
CINT7-S
C0VGA-S
C0VGC-S
CPHI7-S
CEMC7-S
CVBAND-S
C0TVX-S
CMSL8-S
Canvas classes created
Canvas before update
Canvas before save
Info in <TCanvas::Print>: png file 179604_ALLNOTRD.png has been created
Canvas class saved
scp 179604_ALLNOTRD.png trigger@alidcscom188:v/vme/WORK/MONSCAL/. rc= 0
Drawing canvas classes 179604_ALL.png
CINT7WU-S
Canvas classes created
Canvas before update
Canvas before save
Info in <TCanvas::Print>: png file 179604_ALL.png has been created
Canvas class saved
scp 179604_ALL.png trigger@alidcscom188:v/vme/WORK/MONSCAL/. rc= 0
Drawing canvas Inputs
Canvas created 
Canvas drawn 
Info in <TCanvas::Print>: png file inputs.png has been created
Canvas saved
scp inputs.png trigger@alidcscom188:v/vme/WORK/MONSCAL/. rc= 0
Drawing canvas classes 179604_ALLNOTRD.png
CINT7-S
C0VGA-S
C0VGC-S
CPHI7-S
CEMC7-S
CVBAND-S
C0TVX-S
CMSL8-S
Canvas classes created
Canvas before update
Canvas before save
Info in <TCanvas::Print>: png file 179604_ALLNOTRD.png has been created
Canvas class saved
scp 179604_ALLNOTRD.png trigger@alidcscom188:v/vme/WORK/MONSCAL/. rc= 0
Drawing canvas classes 179604_ALL.png
CINT7WU-S
Canvas classes created
Canvas before update
Canvas before save
Info in <TCanvas::Print>: png file 179604_ALL.png has been created
Canvas class saved
scp 179604_ALL.png trigger@alidcscom188:v/vme/WORK/MONSCAL/. rc= 0
Drawing canvas Inputs
Canvas created 
Canvas drawn 
Info in <TCanvas::Print>: png file inputs.png has been created
Canvas saved
scp inputs.png trigger@alidcscom188:v/vme/WORK/MONSCAL/. rc= 0
Drawing canvas classes 179604_ALLNOTRD.png
CINT7-S
C0VGA-S
C0VGC-S
CPHI7-S
CEMC7-S
CVBAND-S
C0TVX-S
CMSL8-S
Canvas classes created
Canvas before update
Canvas before save
Info in <TCanvas::Print>: png file 179604_ALLNOTRD.png has been created
Canvas class saved
scp 179604_ALLNOTRD.png trigger@alidcscom188:v/vme/WORK/MONSCAL/. rc= 0
Drawing canvas classes 179604_ALL.png
CINT7WU-S
Canvas classes created
Canvas before update
Canvas before save
Info in <TCanvas::Print>: png file 179604_ALL.png has been created
Canvas class saved
scp 179604_ALL.png trigger@alidcscom188:v/vme/WORK/MONSCAL/. rc= 0
Drawing canvas Inputs
Canvas created 
Canvas drawn 
Info in <TCanvas::Print>: png file inputs.png has been created
Canvas saved
scp inputs.png trigger@alidcscom188:v/vme/WORK/MONSCAL/. rc= 0
Drawing canvas classes 179604_ALLNOTRD.png
CINT7-S
C0VGA-S
C0VGC-S
CPHI7-S
CEMC7-S
CVBAND-S
C0TVX-S
CMSL8-S
Canvas classes created
Canvas before update
Canvas before save
Info in <TCanvas::Print>: png file 179604_ALLNOTRD.png has been created
Canvas class saved
scp 179604_ALLNOTRD.png trigger@alidcscom188:v/vme/WORK/MONSCAL/. rc= 0
Drawing canvas classes 179604_ALL.png
CINT7WU-S
Canvas classes created
Canvas before update
Canvas before save
Info in <TCanvas::Print>: png file 179604_ALL.png has been created
Canvas class saved
scp 179604_ALL.png trigger@alidcscom188:v/vme/WORK/MONSCAL/. rc= 0
Stopping DisplaySCAL for run: 179604
deleting inputs
deleting dataL0 0
deleting edataL0 0
deleting dataL2 0
deleting edataL2 0
deleting rati20 0
deleting erati20 0
deleting dataL0 1
deleting edataL0 1
deleting dataL2 1
deleting edataL2 1
deleting rati20 1
deleting erati20 1
deleting dataL0 2
deleting edataL0 2
deleting dataL2 2
deleting edataL2 2
deleting rati20 2
deleting erati20 2
deleting dataL0 3
deleting edataL0 3
deleting dataL2 3
deleting edataL2 3
deleting rati20 3
deleting erati20 3
deleting dataL0 4
deleting edataL0 4
deleting dataL2 4
deleting edataL2 4
deleting rati20 4
deleting erati20 4
Deleting 179604_ALLNOTRD.png 0
Deleting 179604_ALL.png 0
rm: cannot remove `179604_MUON.png': No such file or directory
Deleting 179604_MUON.png 256
rm: cannot remove `179604_ACOS.png': No such file or directory
Deleting 179604_ACOS.png 256
rm: cannot remove `179604_TPC.png': No such file or directory
Deleting 179604_TPC.png 256
DisplaySCAL for run: 179604 stopped.
Stopping run 179604
Drawing canvas Inputs
Canvas created 
Canvas drawn 
Info in <TCanvas::Print>: png file inputs.png has been created
Canvas saved
scp inputs.png trigger@alidcscom188:v/vme/WORK/MONSCAL/. rc= 0
Drawing canvas Inputs
Canvas created 
Canvas drawn 
Info in <TCanvas::Print>: png file inputs.png has been created
Canvas saved
scp inputs.png trigger@alidcscom188:v/vme/WORK/MONSCAL/. rc= 0
Drawing canvas Inputs
Canvas created 
Canvas drawn 
Info in <TCanvas::Print>: png file inputs.png has been created
Canvas saved
scp inputs.png trigger@alidcscom188:v/vme/WORK/MONSCAL/. rc= 0
Drawing canvas Inputs
Canvas created 
Canvas drawn 
Info in <TCanvas::Print>: png file inputs.png has been created
Canvas saved
scp inputs.png trigger@alidcscom188:v/vme/WORK/MONSCAL/. rc= 0
Drawing canvas Inputs
Canvas created 
Canvas drawn 
Info in <TCanvas::Print>: png file inputs.png has been created
Canvas saved
scp inputs.png trigger@alidcscom188:v/vme/WORK/MONSCAL/. rc= 0
Drawing canvas Inputs
Canvas created 
Canvas drawn 
Info in <TCanvas::Print>: png file inputs.png has been created
Canvas saved
scp inputs.png trigger@alidcscom188:v/vme/WORK/MONSCAL/. rc= 0
Drawing canvas Inputs
Canvas created 
Canvas drawn 
Info in <TCanvas::Print>: png file inputs.png has been created
Canvas saved
scp inputs.png trigger@alidcscom188:v/vme/WORK/MONSCAL/. rc= 0
Drawing canvas Inputs
Canvas created 
Canvas drawn 
Info in <TCanvas::Print>: png file inputs.png has been created
Canvas saved
scp inputs.png trigger@alidcscom188:v/vme/WORK/MONSCAL/. rc= 0
Drawing canvas Inputs
Canvas created 
Canvas drawn 
Info in <TCanvas::Print>: png file inputs.png has been created
Canvas saved
scp inputs.png trigger@alidcscom188:v/vme/WORK/MONSCAL/. rc= 0
Drawing canvas Inputs
Canvas created 
Canvas drawn 
Info in <TCanvas::Print>: png file inputs.png has been created
Canvas saved
scp inputs.png trigger@alidcscom188:v/vme/WORK/MONSCAL/. rc= 0
Drawing canvas Inputs
Canvas created 
Canvas drawn 
Info in <TCanvas::Print>: png file inputs.png has been created
Canvas saved
scp inputs.png trigger@alidcscom188:v/vme/WORK/MONSCAL/. rc= 0
Drawing canvas Inputs
Canvas created 
Canvas drawn 
Info in <TCanvas::Print>: png file inputs.png has been created
Canvas saved
scp inputs.png trigger@alidcscom188:v/vme/WORK/MONSCAL/. rc= 0
Drawing canvas Inputs
Canvas created 
Canvas drawn 
Info in <TCanvas::Print>: png file inputs.png has been created
Canvas saved
scp inputs.png trigger@alidcscom188:v/vme/WORK/MONSCAL/. rc= 0
Drawing canvas Inputs
Canvas created 
Canvas drawn 
Info in <TCanvas::Print>: png file inputs.png has been created
Canvas saved
scp inputs.png trigger@alidcscom188:v/vme/WORK/MONSCAL/. rc= 0
Drawing canvas Inputs
Canvas created 
Canvas drawn 
Info in <TCanvas::Print>: png file inputs.png has been created
Canvas saved
scp inputs.png trigger@alidcscom188:v/vme/WORK/MONSCAL/. rc= 0
Drawing canvas Inputs
Canvas created 
Canvas drawn 
Info in <TCanvas::Print>: png file inputs.png has been created
Canvas saved
scp inputs.png trigger@alidcscom188:v/vme/WORK/MONSCAL/. rc= 0
Drawing canvas Inputs
Canvas created 
Canvas drawn 
Info in <TCanvas::Print>: png file inputs.png has been created
Canvas saved
scp inputs.png trigger@alidcscom188:v/vme/WORK/MONSCAL/. rc= 0
Drawing canvas Inputs
Canvas created 
Canvas drawn 
Info in <TCanvas::Print>: png file inputs.png has been created
Canvas saved
scp inputs.png trigger@alidcscom188:v/vme/WORK/MONSCAL/. rc= 0
Drawing canvas Inputs
Canvas created 
Canvas drawn 
Info in <TCanvas::Print>: png file inputs.png has been created
Canvas saved
scp inputs.png trigger@alidcscom188:v/vme/WORK/MONSCAL/. rc= 0
Drawing canvas Inputs
Canvas created 
Canvas drawn 
Info in <TCanvas::Print>: png file inputs.png has been created
Canvas saved
scp inputs.png trigger@alidcscom188:v/vme/WORK/MONSCAL/. rc= 0
Drawing canvas Inputs
Canvas created 
Canvas drawn 
Info in <TCanvas::Print>: png file inputs.png has been created
Canvas saved
scp inputs.png trigger@alidcscom188:v/vme/WORK/MONSCAL/. rc= 0
Drawing canvas Inputs
Canvas created 
Canvas drawn 
Info in <TCanvas::Print>: png file inputs.png has been created
Canvas saved
scp inputs.png trigger@alidcscom188:v/vme/WORK/MONSCAL/. rc= 0
Drawing canvas Inputs
Canvas created 
Canvas drawn 
Info in <TCanvas::Print>: png file inputs.png has been created
Canvas saved
scp inputs.png trigger@alidcscom188:v/vme/WORK/MONSCAL/. rc= 0
Drawing canvas Inputs
Canvas created 
Canvas drawn 
Info in <TCanvas::Print>: png file inputs.png has been created
Canvas saved
scp inputs.png trigger@alidcscom188:v/vme/WORK/MONSCAL/. rc= 0
Drawing canvas Inputs
Canvas created 
Canvas drawn 
Info in <TCanvas::Print>: png file inputs.png has been created
Canvas saved
scp inputs.png trigger@alidcscom188:v/vme/WORK/MONSCAL/. rc= 0
Drawing canvas Inputs
Canvas created 
Canvas drawn 
Info in <TCanvas::Print>: png file inputs.png has been created
Canvas saved
scp inputs.png trigger@alidcscom188:v/vme/WORK/MONSCAL/. rc= 0
Drawing canvas Inputs
Canvas created 
Canvas drawn 
Info in <TCanvas::Print>: png file inputs.png has been created
Canvas saved
scp inputs.png trigger@alidcscom188:v/vme/WORK/MONSCAL/. rc= 0
Drawing canvas Inputs
Canvas created 
Canvas drawn 
Info in <TCanvas::Print>: png file inputs.png has been created
Canvas saved
scp inputs.png trigger@alidcscom188:v/vme/WORK/MONSCAL/. rc= 0
Drawing canvas Inputs
Canvas created 
Canvas drawn 
Info in <TCanvas::Print>: png file inputs.png has been created
Canvas saved
scp inputs.png trigger@alidcscom188:v/vme/WORK/MONSCAL/. rc= 0
Drawing canvas Inputs
Canvas created 
Canvas drawn 
Info in <TCanvas::Print>: png file inputs.png has been created
Canvas saved
scp inputs.png trigger@alidcscom188:v/vme/WORK/MONSCAL/. rc= 0
Drawing canvas Inputs
Canvas created 
Canvas drawn 
Info in <TCanvas::Print>: png file inputs.png has been created
Canvas saved
scp inputs.png trigger@alidcscom188:v/vme/WORK/MONSCAL/. rc= 0
Drawing canvas Inputs
Canvas created 
Canvas drawn 
Info in <TCanvas::Print>: png file inputs.png has been created
Canvas saved
scp inputs.png trigger@alidcscom188:v/vme/WORK/MONSCAL/. rc= 0
Drawing canvas Inputs
Canvas created 
Canvas drawn 
Info in <TCanvas::Print>: png file inputs.png has been created
Canvas saved
scp inputs.png trigger@alidcscom188:v/vme/WORK/MONSCAL/. rc= 0
Drawing canvas Inputs
Canvas created 
Canvas drawn 
Info in <TCanvas::Print>: png file inputs.png has been created
Canvas saved
scp inputs.png trigger@alidcscom188:v/vme/WORK/MONSCAL/. rc= 0
Drawing canvas Inputs
Canvas created 
Canvas drawn 
Info in <TCanvas::Print>: png file inputs.png has been created
Canvas saved
scp inputs.png trigger@alidcscom188:v/vme/WORK/MONSCAL/. rc= 0
Drawing canvas Inputs
Canvas created 
Canvas drawn 
Info in <TCanvas::Print>: png file inputs.png has been created
Canvas saved
scp inputs.png trigger@alidcscom188:v/vme/WORK/MONSCAL/. rc= 0
Drawing canvas Inputs
Canvas created 
Canvas drawn 
Info in <TCanvas::Print>: png file inputs.png has been created
Canvas saved
scp inputs.png trigger@alidcscom188:v/vme/WORK/MONSCAL/. rc= 0
Drawing canvas Inputs
Canvas created 
Canvas drawn 
Info in <TCanvas::Print>: png file inputs.png has been created
Canvas saved
scp inputs.png trigger@alidcscom188:v/vme/WORK/MONSCAL/. rc= 0
Drawing canvas Inputs
Canvas created 
Canvas drawn 
Info in <TCanvas::Print>: png file inputs.png has been created
Canvas saved
scp inputs.png trigger@alidcscom188:v/vme/WORK/MONSCAL/. rc= 0
Drawing canvas Inputs
Canvas created 
Canvas drawn 
Info in <TCanvas::Print>: png file inputs.png has been created
Canvas saved
scp inputs.png trigger@alidcscom188:v/vme/WORK/MONSCAL/. rc= 0
Drawing canvas Inputs
Canvas created 
Canvas drawn 
Info in <TCanvas::Print>: png file inputs.png has been created
Canvas saved
scp inputs.png trigger@alidcscom188:v/vme/WORK/MONSCAL/. rc= 0
Drawing canvas Inputs
Canvas created 
Canvas drawn 
Info in <TCanvas::Print>: png file inputs.png has been created
Canvas saved
scp inputs.png trigger@alidcscom188:v/vme/WORK/MONSCAL/. rc= 0
Drawing canvas Inputs
Canvas created 
Canvas drawn 
Info in <TCanvas::Print>: png file inputs.png has been created
Canvas saved
scp inputs.png trigger@alidcscom188:v/vme/WORK/MONSCAL/. rc= 0
Drawing canvas Inputs
Canvas created 
Canvas drawn 
Info in <TCanvas::Print>: png file inputs.png has been created
Canvas saved
scp inputs.png trigger@alidcscom188:v/vme/WORK/MONSCAL/. rc= 0
Drawing canvas Inputs
Canvas created 
Canvas drawn 
Info in <TCanvas::Print>: png file inputs.png has been created
Canvas saved
scp inputs.png trigger@alidcscom188:v/vme/WORK/MONSCAL/. rc= 0
Drawing canvas Inputs
Canvas created 
Canvas drawn 
Info in <TCanvas::Print>: png file inputs.png has been created
Canvas saved
scp inputs.png trigger@alidcscom188:v/vme/WORK/MONSCAL/. rc= 0
Drawing canvas Inputs
Canvas created 
Canvas drawn 
Info in <TCanvas::Print>: png file inputs.png has been created
Canvas saved
scp inputs.png trigger@alidcscom188:v/vme/WORK/MONSCAL/. rc= 0
Drawing canvas Inputs
Canvas created 
Canvas drawn 
Info in <TCanvas::Print>: png file inputs.png has been created
Canvas saved
scp inputs.png trigger@alidcscom188:v/vme/WORK/MONSCAL/. rc= 0
Drawing canvas Inputs
Canvas created 
Canvas drawn 
Info in <TCanvas::Print>: png file inputs.png has been created
Canvas saved
scp inputs.png trigger@alidcscom188:v/vme/WORK/MONSCAL/. rc= 0
Drawing canvas Inputs
Canvas created 
Canvas drawn 
Info in <TCanvas::Print>: png file inputs.png has been created
Canvas saved
scp inputs.png trigger@alidcscom188:v/vme/WORK/MONSCAL/. rc= 0
Drawing canvas Inputs
Canvas created 
Canvas drawn 
Info in <TCanvas::Print>: png file inputs.png has been created
Canvas saved
scp inputs.png trigger@alidcscom188:v/vme/WORK/MONSCAL/. rc= 0
Drawing canvas Inputs
Canvas created 
Canvas drawn 
Info in <TCanvas::Print>: png file inputs.png has been created
Canvas saved
scp inputs.png trigger@alidcscom188:v/vme/WORK/MONSCAL/. rc= 0
Drawing canvas Inputs
Canvas created 
Canvas drawn 
Info in <TCanvas::Print>: png file inputs.png has been created
Canvas saved
scp inputs.png trigger@alidcscom188:v/vme/WORK/MONSCAL/. rc= 0
Drawing canvas Inputs
Canvas created 
Canvas drawn 
Info in <TCanvas::Print>: png file inputs.png has been created
Canvas saved
scp inputs.png trigger@alidcscom188:v/vme/WORK/MONSCAL/. rc= 0
Drawing canvas Inputs
Canvas created 
Canvas drawn 
Info in <TCanvas::Print>: png file inputs.png has been created
Canvas saved
scp inputs.png trigger@alidcscom188:v/vme/WORK/MONSCAL/. rc= 0
Drawing canvas Inputs
Canvas created 
Canvas drawn 
Info in <TCanvas::Print>: png file inputs.png has been created
Canvas saved
scp inputs.png trigger@alidcscom188:v/vme/WORK/MONSCAL/. rc= 0
Drawing canvas Inputs
Canvas created 
Canvas drawn 
Info in <TCanvas::Print>: png file inputs.png has been created
Canvas saved
scp inputs.png trigger@alidcscom188:v/vme/WORK/MONSCAL/. rc= 0
Drawing canvas Inputs
Canvas created 
Canvas drawn 
Info in <TCanvas::Print>: png file inputs.png has been created
Canvas saved
scp inputs.png trigger@alidcscom188:v/vme/WORK/MONSCAL/. rc= 0
Drawing canvas Inputs
Canvas created 
Canvas drawn 
Info in <TCanvas::Print>: png file inputs.png has been created
Canvas saved
scp inputs.png trigger@alidcscom188:v/vme/WORK/MONSCAL/. rc= 0
Drawing canvas Inputs
Canvas created 
Canvas drawn 
Info in <TCanvas::Print>: png file inputs.png has been created
Canvas saved
scp inputs.png trigger@alidcscom188:v/vme/WORK/MONSCAL/. rc= 0
Drawing canvas Inputs
Canvas created 
Canvas drawn 
Info in <TCanvas::Print>: png file inputs.png has been created
Canvas saved
scp inputs.png trigger@alidcscom188:v/vme/WORK/MONSCAL/. rc= 0
Drawing canvas Inputs
Canvas created 
Canvas drawn 
Info in <TCanvas::Print>: png file inputs.png has been created
Canvas saved
scp inputs.png trigger@alidcscom188:v/vme/WORK/MONSCAL/. rc= 0
Drawing canvas Inputs
Canvas created 
Canvas drawn 
Info in <TCanvas::Print>: png file inputs.png has been created
Canvas saved
scp inputs.png trigger@alidcscom188:v/vme/WORK/MONSCAL/. rc= 0
Drawing canvas Inputs
Canvas created 
Canvas drawn 
Info in <TCanvas::Print>: png file inputs.png has been created
Canvas saved
scp inputs.png trigger@alidcscom188:v/vme/WORK/MONSCAL/. rc= 0
Drawing canvas Inputs
Canvas created 
Canvas drawn 
Info in <TCanvas::Print>: png file inputs.png has been created
Canvas saved
scp inputs.png trigger@alidcscom188:v/vme/WORK/MONSCAL/. rc= 0
Drawing canvas Inputs
Canvas created 
Canvas drawn 
Info in <TCanvas::Print>: png file inputs.png has been created
Canvas saved
scp inputs.png trigger@alidcscom188:v/vme/WORK/MONSCAL/. rc= 0
Drawing canvas Inputs
Canvas created 
Canvas drawn 
Info in <TCanvas::Print>: png file inputs.png has been created
Canvas saved
scp inputs.png trigger@alidcscom188:v/vme/WORK/MONSCAL/. rc= 0
Drawing canvas Inputs
Canvas created 
Canvas drawn 
Info in <TCanvas::Print>: png file inputs.png has been created
Canvas saved
scp inputs.png trigger@alidcscom188:v/vme/WORK/MONSCAL/. rc= 0
Drawing canvas Inputs
Canvas created 
Canvas drawn 
Info in <TCanvas::Print>: png file inputs.png has been created
Canvas saved
scp inputs.png trigger@alidcscom188:v/vme/WORK/MONSCAL/. rc= 0
Drawing canvas Inputs
Canvas created 
Canvas drawn 
Info in <TCanvas::Print>: png file inputs.png has been created
Canvas saved
scp inputs.png trigger@alidcscom188:v/vme/WORK/MONSCAL/. rc= 0
Drawing canvas Inputs
Canvas created 
Canvas drawn 
Info in <TCanvas::Print>: png file inputs.png has been created
Canvas saved
scp inputs.png trigger@alidcscom188:v/vme/WORK/MONSCAL/. rc= 0
Drawing canvas Inputs
Canvas created 
Canvas drawn 
Info in <TCanvas::Print>: png file inputs.png has been created
Canvas saved
scp inputs.png trigger@alidcscom188:v/vme/WORK/MONSCAL/. rc= 0
Drawing canvas Inputs
Canvas created 
Canvas drawn 
Info in <TCanvas::Print>: png file inputs.png has been created
Canvas saved
scp inputs.png trigger@alidcscom188:v/vme/WORK/MONSCAL/. rc= 0
Drawing canvas Inputs
Canvas created 
Canvas drawn 
Info in <TCanvas::Print>: png file inputs.png has been created
Canvas saved
scp inputs.png trigger@alidcscom188:v/vme/WORK/MONSCAL/. rc= 0
Drawing canvas Inputs
Canvas created 
Canvas drawn 
Info in <TCanvas::Print>: png file inputs.png has been created
Canvas saved
scp inputs.png trigger@alidcscom188:v/vme/WORK/MONSCAL/. rc= 0
Drawing canvas Inputs
Canvas created 
Canvas drawn 
Info in <TCanvas::Print>: png file inputs.png has been created
Canvas saved
scp inputs.png trigger@alidcscom188:v/vme/WORK/MONSCAL/. rc= 0
Drawing canvas Inputs
Canvas created 
Canvas drawn 
Info in <TCanvas::Print>: png file inputs.png has been created
Canvas saved
scp inputs.png trigger@alidcscom188:v/vme/WORK/MONSCAL/. rc= 0
Drawing canvas Inputs
Canvas created 
Canvas drawn 
Info in <TCanvas::Print>: png file inputs.png has been created
Canvas saved
scp inputs.png trigger@alidcscom188:v/vme/WORK/MONSCAL/. rc= 0
Drawing canvas Inputs
Canvas created 
Canvas drawn 
Info in <TCanvas::Print>: png file inputs.png has been created
Canvas saved
scp inputs.png trigger@alidcscom188:v/vme/WORK/MONSCAL/. rc= 0
Drawing canvas Inputs
Canvas created 
Canvas drawn 
Info in <TCanvas::Print>: png file inputs.png has been created
Canvas saved
scp inputs.png trigger@alidcscom188:v/vme/WORK/MONSCAL/. rc= 0
Drawing canvas Inputs
Canvas created 
Canvas drawn 
Info in <TCanvas::Print>: png file inputs.png has been created
Canvas saved
scp inputs.png trigger@alidcscom188:v/vme/WORK/MONSCAL/. rc= 0
Drawing canvas Inputs
Canvas created 
Canvas drawn 
Info in <TCanvas::Print>: png file inputs.png has been created
Canvas saved
scp inputs.png trigger@alidcscom188:v/vme/WORK/MONSCAL/. rc= 0
Drawing canvas Inputs
Canvas created 
Canvas drawn 
Info in <TCanvas::Print>: png file inputs.png has been created
Canvas saved
scp inputs.png trigger@alidcscom188:v/vme/WORK/MONSCAL/. rc= 0
Drawing canvas Inputs
Canvas created 
Canvas drawn 
Info in <TCanvas::Print>: png file inputs.png has been created
Canvas saved
scp inputs.png trigger@alidcscom188:v/vme/WORK/MONSCAL/. rc= 0
Drawing canvas Inputs
Canvas created 
Canvas drawn 
Info in <TCanvas::Print>: png file inputs.png has been created
Canvas saved
scp inputs.png trigger@alidcscom188:v/vme/WORK/MONSCAL/. rc= 0
Stopping DisplaySCAL for run: 179593
deleting inputs
DisplaySCAL for run: 179593 stopped.
Stopping run 179593
Drawing canvas Inputs
Canvas created 
Canvas drawn 
Info in <TCanvas::Print>: png file inputs.png has been created
Canvas saved
scp inputs.png trigger@alidcscom188:v/vme/WORK/MONSCAL/. rc= 0
Drawing canvas Inputs
Canvas created 
Canvas drawn 
Info in <TCanvas::Print>: png file inputs.png has been created
Canvas saved
scp inputs.png trigger@alidcscom188:v/vme/WORK/MONSCAL/. rc= 0
Drawing canvas Inputs
Canvas created 
Canvas drawn 
Info in <TCanvas::Print>: png file inputs.png has been created
Canvas saved
scp inputs.png trigger@alidcscom188:v/vme/WORK/MONSCAL/. rc= 0
Drawing canvas Inputs
Canvas created 
Canvas drawn 
Info in <TCanvas::Print>: png file inputs.png has been created
Canvas saved
scp inputs.png trigger@alidcscom188:v/vme/WORK/MONSCAL/. rc= 0
Drawing canvas Inputs
Canvas created 
Canvas drawn 
Info in <TCanvas::Print>: png file inputs.png has been created
Canvas saved
scp inputs.png trigger@alidcscom188:v/vme/WORK/MONSCAL/. rc= 0
Drawing canvas Inputs
Canvas created 
Canvas drawn 
Info in <TCanvas::Print>: png file inputs.png has been created
Canvas saved
scp inputs.png trigger@alidcscom188:v/vme/WORK/MONSCAL/. rc= 0
Drawing canvas Inputs
Canvas created 
Canvas drawn 
Info in <TCanvas::Print>: png file inputs.png has been created
Canvas saved
scp inputs.png trigger@alidcscom188:v/vme/WORK/MONSCAL/. rc= 0
Drawing canvas Inputs
Canvas created 
Canvas drawn 
Info in <TCanvas::Print>: png file inputs.png has been created
Canvas saved
scp inputs.png trigger@alidcscom188:v/vme/WORK/MONSCAL/. rc= 0
Drawing canvas Inputs
Canvas created 
Canvas drawn 
Info in <TCanvas::Print>: png file inputs.png has been created
Canvas saved
scp inputs.png trigger@alidcscom188:v/vme/WORK/MONSCAL/. rc= 0
Drawing canvas Inputs
Canvas created 
Canvas drawn 
Info in <TCanvas::Print>: png file inputs.png has been created
Canvas saved
scp inputs.png trigger@alidcscom188:v/vme/WORK/MONSCAL/. rc= 0
Drawing canvas Inputs
Canvas created 
Canvas drawn 
Info in <TCanvas::Print>: png file inputs.png has been created
Canvas saved
scp inputs.png trigger@alidcscom188:v/vme/WORK/MONSCAL/. rc= 0
Drawing canvas Inputs
Canvas created 
Canvas drawn 
Info in <TCanvas::Print>: png file inputs.png has been created
Canvas saved
scp inputs.png trigger@alidcscom188:v/vme/WORK/MONSCAL/. rc= 0
Drawing canvas Inputs
Canvas created 
Canvas drawn 
Info in <TCanvas::Print>: png file inputs.png has been created
Canvas saved
scp inputs.png trigger@alidcscom188:v/vme/WORK/MONSCAL/. rc= 0
Drawing canvas Inputs
Canvas created 
Canvas drawn 
Info in <TCanvas::Print>: png file inputs.png has been created
Canvas saved
scp inputs.png trigger@alidcscom188:v/vme/WORK/MONSCAL/. rc= 0
Drawing canvas Inputs
Canvas created 
Canvas drawn 
Info in <TCanvas::Print>: png file inputs.png has been created
Canvas saved
scp inputs.png trigger@alidcscom188:v/vme/WORK/MONSCAL/. rc= 0
Drawing canvas Inputs
Canvas created 
Canvas drawn 
Info in <TCanvas::Print>: png file inputs.png has been created
Canvas saved
scp inputs.png trigger@alidcscom188:v/vme/WORK/MONSCAL/. rc= 0
Drawing canvas Inputs
Canvas created 
Canvas drawn 
Info in <TCanvas::Print>: png file inputs.png has been created
Canvas saved
scp inputs.png trigger@alidcscom188:v/vme/WORK/MONSCAL/. rc= 0
Drawing canvas Inputs
Canvas created 
Canvas drawn 
Info in <TCanvas::Print>: png file inputs.png has been created
Canvas saved
scp inputs.png trigger@alidcscom188:v/vme/WORK/MONSCAL/. rc= 0
Drawing canvas Inputs
Canvas created 
Canvas drawn 
Info in <TCanvas::Print>: png file inputs.png has been created
Canvas saved
scp inputs.png trigger@alidcscom188:v/vme/WORK/MONSCAL/. rc= 0
Drawing canvas Inputs
Canvas created 
Canvas drawn 
Info in <TCanvas::Print>: png file inputs.png has been created
Canvas saved
scp inputs.png trigger@alidcscom188:v/vme/WORK/MONSCAL/. rc= 0
Drawing canvas Inputs
Canvas created 
Canvas drawn 
Info in <TCanvas::Print>: png file inputs.png has been created
Canvas saved
scp inputs.png trigger@alidcscom188:v/vme/WORK/MONSCAL/. rc= 0
Drawing canvas Inputs
Canvas created 
Canvas drawn 
Info in <TCanvas::Print>: png file inputs.png has been created
Canvas saved
scp inputs.png trigger@alidcscom188:v/vme/WORK/MONSCAL/. rc= 0
Drawing canvas Inputs
Canvas created 
Canvas drawn 
Info in <TCanvas::Print>: png file inputs.png has been created
Canvas saved
scp inputs.png trigger@alidcscom188:v/vme/WORK/MONSCAL/. rc= 0
